# JRE version: Java(TM) SE Runtime Environment (8.0_111-b14) (build 1.8.0_111-b14)
# Java VM: Java HotSpot(TM) 64-Bit Server VM (25.111-b14 mixed mode windows-amd64 compressed oops)
Heap:
 PSYoungGen      total 66560K, used 14946K [0x00000000eab00000, 0x00000000ef900000, 0x0000000100000000)
  eden space 61440K, 16% used [0x00000000eab00000,0x00000000eb49c270,0x00000000ee700000)
  from space 5120K, 99% used [0x00000000ef000000,0x00000000ef4fc6f8,0x00000000ef500000)
  to   space 9216K, 0% used [0x00000000ee700000,0x00000000ee700000,0x00000000ef000000)
 ParOldGen       total 26112K, used 11621K [0x00000000c0000000, 0x00000000c1980000, 0x00000000eab00000)
  object space 26112K, 44% used [0x00000000c0000000,0x00000000c0b595a0,0x00000000c1980000)
 Metaspace       used 32022K, capacity 32656K, committed 32768K, reserved 1077248K
  class space    used 4328K, capacity 4506K, committed 4608K, reserved 1048576K
GC Heap History (10 events):
Event: 6.513 GC heap before
{Heap before GC invocations=3 (full 0):
 PSYoungGen      total 18944K, used 18928K [0x00000000eab00000, 0x00000000ed000000, 0x0000000100000000)
  eden space 16384K, 100% used [0x00000000eab00000,0x00000000ebb00000,0x00000000ebb00000)
  from space 2560K, 99% used [0x00000000ebd80000,0x00000000ebffc0b0,0x00000000ec000000)
  to   space 2560K, 0% used [0x00000000ebb00000,0x00000000ebb00000,0x00000000ebd80000)
 ParOldGen       total 44032K, used 2926K [0x00000000c0000000, 0x00000000c2b00000, 0x00000000eab00000)
  object space 44032K, 6% used [0x00000000c0000000,0x00000000c02db9e0,0x00000000c2b00000)
 Metaspace       used 18861K, capacity 19036K, committed 19200K, reserved 1067008K
  class space    used 2457K, capacity 2541K, committed 2560K, reserved 1048576K
Event: 6.520 GC heap after
Heap after GC invocations=3 (full 0):
 PSYoungGen      total 18944K, used 2528K [0x00000000eab00000, 0x00000000ed000000, 0x0000000100000000)
  eden space 16384K, 0% used [0x00000000eab00000,0x00000000eab00000,0x00000000ebb00000)
  from space 2560K, 98% used [0x00000000ebb00000,0x00000000ebd78110,0x00000000ebd80000)
  to   space 2560K, 0% used [0x00000000ecd80000,0x00000000ecd80000,0x00000000ed000000)
 ParOldGen       total 44032K, used 3180K [0x00000000c0000000, 0x00000000c2b00000, 0x00000000eab00000)
  object space 44032K, 7% used [0x00000000c0000000,0x00000000c031b380,0x00000000c2b00000)
 Metaspace       used 18861K, capacity 19036K, committed 19200K, reserved 1067008K
  class space    used 2457K, capacity 2541K, committed 2560K, reserved 1048576K
}
Event: 6.732 GC heap before
{Heap before GC invocations=4 (full 0):
 PSYoungGen      total 18944K, used 18912K [0x00000000eab00000, 0x00000000ed000000, 0x0000000100000000)
  eden space 16384K, 100% used [0x00000000eab00000,0x00000000ebb00000,0x00000000ebb00000)
  from space 2560K, 98% used [0x00000000ebb00000,0x00000000ebd78110,0x00000000ebd80000)
  to   space 2560K, 0% used [0x00000000ecd80000,0x00000000ecd80000,0x00000000ed000000)
 ParOldGen       total 44032K, used 3180K [0x00000000c0000000, 0x00000000c2b00000, 0x00000000eab00000)
  object space 44032K, 7% used [0x00000000c0000000,0x00000000c031b380,0x00000000c2b00000)
 Metaspace       used 20281K, capacity 20476K, committed 20608K, reserved 1067008K
  class space    used 2569K, capacity 2637K, committed 2688K, reserved 1048576K
Event: 6.743 GC heap after
Heap after GC invocations=4 (full 0):
 PSYoungGen      total 35328K, used 2544K [0x00000000eab00000, 0x00000000ed000000, 0x0000000100000000)
  eden space 32768K, 0% used [0x00000000eab00000,0x00000000eab00000,0x00000000ecb00000)
  from space 2560K, 99% used [0x00000000ecd80000,0x00000000ecffc0d0,0x00000000ed000000)
  to   space 2560K, 0% used [0x00000000ecb00000,0x00000000ecb00000,0x00000000ecd80000)
 ParOldGen       total 44032K, used 4779K [0x00000000c0000000, 0x00000000c2b00000, 0x00000000eab00000)
  object space 44032K, 10% used [0x00000000c0000000,0x00000000c04aac70,0x00000000c2b00000)
 Metaspace       used 20281K, capacity 20476K, committed 20608K, reserved 1067008K
  class space    used 2569K, capacity 2637K, committed 2688K, reserved 1048576K
}
Event: 6.808 GC heap before
{Heap before GC invocations=5 (full 0):
 PSYoungGen      total 35328K, used 4437K [0x00000000eab00000, 0x00000000ed000000, 0x0000000100000000)
  eden space 32768K, 5% used [0x00000000eab00000,0x00000000eacd94f0,0x00000000ecb00000)
  from space 2560K, 99% used [0x00000000ecd80000,0x00000000ecffc0d0,0x00000000ed000000)
  to   space 2560K, 0% used [0x00000000ecb00000,0x00000000ecb00000,0x00000000ecd80000)
 ParOldGen       total 44032K, used 4779K [0x00000000c0000000, 0x00000000c2b00000, 0x00000000eab00000)
  object space 44032K, 10% used [0x00000000c0000000,0x00000000c04aac70,0x00000000c2b00000)
 Metaspace       used 20852K, capacity 21052K, committed 21248K, reserved 1067008K
  class space    used 2625K, capacity 2701K, committed 2816K, reserved 1048576K
Event: 6.817 GC heap after
Heap after GC invocations=5 (full 0):
 PSYoungGen      total 35328K, used 2528K [0x00000000eab00000, 0x00000000ef500000, 0x0000000100000000)
  eden space 32768K, 0% used [0x00000000eab00000,0x00000000eab00000,0x00000000ecb00000)
  from space 2560K, 98% used [0x00000000ecb00000,0x00000000ecd780a0,0x00000000ecd80000)
  to   space 5120K, 0% used [0x00000000ef000000,0x00000000ef000000,0x00000000ef500000)
 ParOldGen       total 44032K, used 5473K [0x00000000c0000000, 0x00000000c2b00000, 0x00000000eab00000)
  object space 44032K, 12% used [0x00000000c0000000,0x00000000c0558548,0x00000000c2b00000)
 Metaspace       used 20852K, capacity 21052K, committed 21248K, reserved 1067008K
  class space    used 2625K, capacity 2701K, committed 2816K, reserved 1048576K
}
Event: 6.817 GC heap before
{Heap before GC invocations=6 (full 1):
 PSYoungGen      total 35328K, used 2528K [0x00000000eab00000, 0x00000000ef500000, 0x0000000100000000)
  eden space 32768K, 0% used [0x00000000eab00000,0x00000000eab00000,0x00000000ecb00000)
  from space 2560K, 98% used [0x00000000ecb00000,0x00000000ecd780a0,0x00000000ecd80000)
  to   space 5120K, 0% used [0x00000000ef000000,0x00000000ef000000,0x00000000ef500000)
 ParOldGen       total 44032K, used 5473K [0x00000000c0000000, 0x00000000c2b00000, 0x00000000eab00000)
  object space 44032K, 12% used [0x00000000c0000000,0x00000000c0558548,0x00000000c2b00000)
 Metaspace       used 20852K, capacity 21052K, committed 21248K, reserved 1067008K
  class space    used 2625K, capacity 2701K, committed 2816K, reserved 1048576K
Event: 6.861 GC heap after
Heap after GC invocations=6 (full 1):
 PSYoungGen      total 35328K, used 0K [0x00000000eab00000, 0x00000000ef500000, 0x0000000100000000)
  eden space 32768K, 0% used [0x00000000eab00000,0x00000000eab00000,0x00000000ecb00000)
  from space 2560K, 0% used [0x00000000ecb00000,0x00000000ecb00000,0x00000000ecd80000)
  to   space 5120K, 0% used [0x00000000ef000000,0x00000000ef000000,0x00000000ef500000)
 ParOldGen       total 26112K, used 5307K [0x00000000c0000000, 0x00000000c1980000, 0x00000000eab00000)
  object space 26112K, 20% used [0x00000000c0000000,0x00000000c052efb8,0x00000000c1980000)
 Metaspace       used 20852K, capacity 21052K, committed 21248K, reserved 1067008K
  class space    used 2625K, capacity 2701K, committed 2816K, reserved 1048576K
}
Event: 10.832 GC heap before
{Heap before GC invocations=7 (full 1):
 PSYoungGen      total 35328K, used 32768K [0x00000000eab00000, 0x00000000ef500000, 0x0000000100000000)
  eden space 32768K, 100% used [0x00000000eab00000,0x00000000ecb00000,0x00000000ecb00000)
  from space 2560K, 0% used [0x00000000ecb00000,0x00000000ecb00000,0x00000000ecd80000)
  to   space 5120K, 0% used [0x00000000ef000000,0x00000000ef000000,0x00000000ef500000)
 ParOldGen       total 26112K, used 5307K [0x00000000c0000000, 0x00000000c1980000, 0x00000000eab00000)
  object space 26112K, 20% used [0x00000000c0000000,0x00000000c052efb8,0x00000000c1980000)
 Metaspace       used 29456K, capacity 30044K, committed 30208K, reserved 1075200K
  class space    used 3887K, capacity 4032K, committed 4096K, reserved 1048576K
Event: 10.847 GC heap after
Heap after GC invocations=7 (full 1):
 PSYoungGen      total 66560K, used 5105K [0x00000000eab00000, 0x00000000ef900000, 0x0000000100000000)
  eden space 61440K, 0% used [0x00000000eab00000,0x00000000eab00000,0x00000000ee700000)
  from space 5120K, 99% used [0x00000000ef000000,0x00000000ef4fc6f8,0x00000000ef500000)
  to   space 9216K, 0% used [0x00000000ee700000,0x00000000ee700000,0x00000000ef000000)
 ParOldGen       total 26112K, used 11621K [0x00000000c0000000, 0x00000000c1980000, 0x00000000eab00000)
  object space 26112K, 44% used [0x00000000c0000000,0x00000000c0b595a0,0x00000000c1980000)
 Metaspace       used 29456K, capacity 30044K, committed 30208K, reserved 1075200K
  class space    used 3887K, capacity 4032K, committed 4096K, reserved 1048576K
}

