# JRE version: Java(TM) SE Runtime Environment (8.0_111-b14) (build 1.8.0_111-b14)
# Java VM: Java HotSpot(TM) 64-Bit Server VM (25.111-b14 mixed mode windows-amd64 compressed oops)
Heap:
 PSYoungGen      total 66560K, used 20833K [0x00000000eab00000, 0x00000000ef400000, 0x0000000100000000)
  eden space 61952K, 26% used [0x00000000eab00000,0x00000000ebadd588,0x00000000ee780000)
  from space 4608K, 99% used [0x00000000eef80000,0x00000000ef3fafb8,0x00000000ef400000)
  to   space 5632K, 0% used [0x00000000ee900000,0x00000000ee900000,0x00000000eee80000)
 ParOldGen       total 25600K, used 6395K [0x00000000c0000000, 0x00000000c1900000, 0x00000000eab00000)
  object space 25600K, 24% used [0x00000000c0000000,0x00000000c063ec88,0x00000000c1900000)
 Metaspace       used 33941K, capacity 34634K, committed 34944K, reserved 1079296K
  class space    used 4474K, capacity 4668K, committed 4736K, reserved 1048576K
GC Heap History (10 events):
Event: 5.543 GC heap before
{Heap before GC invocations=3 (full 0):
 PSYoungGen      total 18944K, used 18937K [0x00000000eab00000, 0x00000000ed000000, 0x0000000100000000)
  eden space 16384K, 100% used [0x00000000eab00000,0x00000000ebb00000,0x00000000ebb00000)
  from space 2560K, 99% used [0x00000000ebd80000,0x00000000ebffe6c0,0x00000000ec000000)
  to   space 2560K, 0% used [0x00000000ebb00000,0x00000000ebb00000,0x00000000ebd80000)
 ParOldGen       total 44032K, used 2872K [0x00000000c0000000, 0x00000000c2b00000, 0x00000000eab00000)
  object space 44032K, 6% used [0x00000000c0000000,0x00000000c02ce238,0x00000000c2b00000)
 Metaspace       used 19094K, capacity 19304K, committed 19456K, reserved 1067008K
  class space    used 2453K, capacity 2541K, committed 2560K, reserved 1048576K
Event: 5.552 GC heap after
Heap after GC invocations=3 (full 0):
 PSYoungGen      total 18944K, used 2537K [0x00000000eab00000, 0x00000000ed000000, 0x0000000100000000)
  eden space 16384K, 0% used [0x00000000eab00000,0x00000000eab00000,0x00000000ebb00000)
  from space 2560K, 99% used [0x00000000ebb00000,0x00000000ebd7a710,0x00000000ebd80000)
  to   space 2560K, 0% used [0x00000000ecd80000,0x00000000ecd80000,0x00000000ed000000)
 ParOldGen       total 44032K, used 3233K [0x00000000c0000000, 0x00000000c2b00000, 0x00000000eab00000)
  object space 44032K, 7% used [0x00000000c0000000,0x00000000c0328588,0x00000000c2b00000)
 Metaspace       used 19094K, capacity 19304K, committed 19456K, reserved 1067008K
  class space    used 2453K, capacity 2541K, committed 2560K, reserved 1048576K
}
Event: 5.738 GC heap before
{Heap before GC invocations=4 (full 0):
 PSYoungGen      total 18944K, used 18921K [0x00000000eab00000, 0x00000000ed000000, 0x0000000100000000)
  eden space 16384K, 100% used [0x00000000eab00000,0x00000000ebb00000,0x00000000ebb00000)
  from space 2560K, 99% used [0x00000000ebb00000,0x00000000ebd7a710,0x00000000ebd80000)
  to   space 2560K, 0% used [0x00000000ecd80000,0x00000000ecd80000,0x00000000ed000000)
 ParOldGen       total 44032K, used 3233K [0x00000000c0000000, 0x00000000c2b00000, 0x00000000eab00000)
  object space 44032K, 7% used [0x00000000c0000000,0x00000000c0328588,0x00000000c2b00000)
 Metaspace       used 20488K, capacity 20712K, committed 20864K, reserved 1067008K
  class space    used 2564K, capacity 2669K, committed 2688K, reserved 1048576K
Event: 5.746 GC heap after
Heap after GC invocations=4 (full 0):
 PSYoungGen      total 35328K, used 2553K [0x00000000eab00000, 0x00000000ed000000, 0x0000000100000000)
  eden space 32768K, 0% used [0x00000000eab00000,0x00000000eab00000,0x00000000ecb00000)
  from space 2560K, 99% used [0x00000000ecd80000,0x00000000ecffe6c0,0x00000000ed000000)
  to   space 2560K, 0% used [0x00000000ecb00000,0x00000000ecb00000,0x00000000ecd80000)
 ParOldGen       total 44032K, used 4140K [0x00000000c0000000, 0x00000000c2b00000, 0x00000000eab00000)
  object space 44032K, 9% used [0x00000000c0000000,0x00000000c040b2b8,0x00000000c2b00000)
 Metaspace       used 20488K, capacity 20712K, committed 20864K, reserved 1067008K
  class space    used 2564K, capacity 2669K, committed 2688K, reserved 1048576K
}
Event: 5.789 GC heap before
{Heap before GC invocations=5 (full 0):
 PSYoungGen      total 35328K, used 4532K [0x00000000eab00000, 0x00000000ed000000, 0x0000000100000000)
  eden space 32768K, 6% used [0x00000000eab00000,0x00000000eacee948,0x00000000ecb00000)
  from space 2560K, 99% used [0x00000000ecd80000,0x00000000ecffe6c0,0x00000000ed000000)
  to   space 2560K, 0% used [0x00000000ecb00000,0x00000000ecb00000,0x00000000ecd80000)
 ParOldGen       total 44032K, used 4140K [0x00000000c0000000, 0x00000000c2b00000, 0x00000000eab00000)
  object space 44032K, 9% used [0x00000000c0000000,0x00000000c040b2b8,0x00000000c2b00000)
 Metaspace       used 20789K, capacity 21000K, committed 21248K, reserved 1067008K
  class space    used 2602K, capacity 2701K, committed 2816K, reserved 1048576K
Event: 5.799 GC heap after
Heap after GC invocations=5 (full 0):
 PSYoungGen      total 35328K, used 2553K [0x00000000eab00000, 0x00000000ef400000, 0x0000000100000000)
  eden space 32768K, 0% used [0x00000000eab00000,0x00000000eab00000,0x00000000ecb00000)
  from space 2560K, 99% used [0x00000000ecb00000,0x00000000ecd7e6c0,0x00000000ecd80000)
  to   space 4608K, 0% used [0x00000000eef80000,0x00000000eef80000,0x00000000ef400000)
 ParOldGen       total 44032K, used 5395K [0x00000000c0000000, 0x00000000c2b00000, 0x00000000eab00000)
  object space 44032K, 12% used [0x00000000c0000000,0x00000000c0544ee8,0x00000000c2b00000)
 Metaspace       used 20789K, capacity 21000K, committed 21248K, reserved 1067008K
  class space    used 2602K, capacity 2701K, committed 2816K, reserved 1048576K
}
Event: 5.799 GC heap before
{Heap before GC invocations=6 (full 1):
 PSYoungGen      total 35328K, used 2553K [0x00000000eab00000, 0x00000000ef400000, 0x0000000100000000)
  eden space 32768K, 0% used [0x00000000eab00000,0x00000000eab00000,0x00000000ecb00000)
  from space 2560K, 99% used [0x00000000ecb00000,0x00000000ecd7e6c0,0x00000000ecd80000)
  to   space 4608K, 0% used [0x00000000eef80000,0x00000000eef80000,0x00000000ef400000)
 ParOldGen       total 44032K, used 5395K [0x00000000c0000000, 0x00000000c2b00000, 0x00000000eab00000)
  object space 44032K, 12% used [0x00000000c0000000,0x00000000c0544ee8,0x00000000c2b00000)
 Metaspace       used 20789K, capacity 21000K, committed 21248K, reserved 1067008K
  class space    used 2602K, capacity 2701K, committed 2816K, reserved 1048576K
Event: 5.844 GC heap after
Heap after GC invocations=6 (full 1):
 PSYoungGen      total 35328K, used 0K [0x00000000eab00000, 0x00000000ef400000, 0x0000000100000000)
  eden space 32768K, 0% used [0x00000000eab00000,0x00000000eab00000,0x00000000ecb00000)
  from space 2560K, 0% used [0x00000000ecb00000,0x00000000ecb00000,0x00000000ecd80000)
  to   space 4608K, 0% used [0x00000000eef80000,0x00000000eef80000,0x00000000ef400000)
 ParOldGen       total 25600K, used 5289K [0x00000000c0000000, 0x00000000c1900000, 0x00000000eab00000)
  object space 25600K, 20% used [0x00000000c0000000,0x00000000c052a650,0x00000000c1900000)
 Metaspace       used 20789K, capacity 21000K, committed 21248K, reserved 1067008K
  class space    used 2602K, capacity 2701K, committed 2816K, reserved 1048576K
}
Event: 12.842 GC heap before
{Heap before GC invocations=7 (full 1):
 PSYoungGen      total 35328K, used 32768K [0x00000000eab00000, 0x00000000ef400000, 0x0000000100000000)
  eden space 32768K, 100% used [0x00000000eab00000,0x00000000ecb00000,0x00000000ecb00000)
  from space 2560K, 0% used [0x00000000ecb00000,0x00000000ecb00000,0x00000000ecd80000)
  to   space 4608K, 0% used [0x00000000eef80000,0x00000000eef80000,0x00000000ef400000)
 ParOldGen       total 25600K, used 5289K [0x00000000c0000000, 0x00000000c1900000, 0x00000000eab00000)
  object space 25600K, 20% used [0x00000000c0000000,0x00000000c052a650,0x00000000c1900000)
 Metaspace       used 30558K, capacity 31046K, committed 31360K, reserved 1077248K
  class space    used 4034K, capacity 4162K, committed 4224K, reserved 1048576K
Event: 12.856 GC heap after
Heap after GC invocations=7 (full 1):
 PSYoungGen      total 66560K, used 4587K [0x00000000eab00000, 0x00000000ef400000, 0x0000000100000000)
  eden space 61952K, 0% used [0x00000000eab00000,0x00000000eab00000,0x00000000ee780000)
  from space 4608K, 99% used [0x00000000eef80000,0x00000000ef3fafb8,0x00000000ef400000)
  to   space 5632K, 0% used [0x00000000ee900000,0x00000000ee900000,0x00000000eee80000)
 ParOldGen       total 25600K, used 6395K [0x00000000c0000000, 0x00000000c1900000, 0x00000000eab00000)
  object space 25600K, 24% used [0x00000000c0000000,0x00000000c063ec88,0x00000000c1900000)
 Metaspace       used 30558K, capacity 31046K, committed 31360K, reserved 1077248K
  class space    used 4034K, capacity 4162K, committed 4224K, reserved 1048576K
}

